
v 0.1.0
*	Initial alpha


v 0.1.1
*	Redesign form
*	Implement value slot to set number values.
*	Bug fixes.


v0.1.2
*	Added variables, node name values, odd and even conditions.


v0.1.3
*	fixed detect of anything
*	added yield if long running code


v0.1.4
*	minor bug fixes


v0.1.5
*	fix texture name conflicts


v0.1.6
*	fixed commands showing in creative inventory.


v0.1.7
*	Added chat command.
*	Added Allow public chat setting.


v0.1.8
*	Fixed lighting.


v0.1.9
*	Made mod game agnostic (must remember to enable lwdrops if required).


v0.1.10
*	Added directional options to place_substitute.lua.
*	Updated place_substitute.lua with new farming plants.
*	Improved placement.
*	Added Use mod on_place setting.
*	Variable even and odd tests integer value of variable
*	Fixed movement of items within storage inventory.
